<?xml version="1.0" encoding="UTF-8"?>
<testng-results ignored="0" total="1" passed="1" failed="0" skipped="0">
  <reporter-output>
  </reporter-output>
  <suite started-at="2023-02-07T01:02:20 IST" name="Suite" finished-at="2023-02-07T01:02:45 IST" duration-ms="24981">
    <groups>
    </groups>
    <test started-at="2023-02-07T01:02:20 IST" name="Test" finished-at="2023-02-07T01:02:45 IST" duration-ms="24981">
      <class name="Module1_searchbar.SearchBarTest">
        <test-method is-config="true" signature="browseropen()[pri:0, instance:Module1_searchbar.SearchBarTest@7205765b]" started-at="2023-02-07T01:02:20 IST" name="browseropen" finished-at="2023-02-07T01:02:26 IST" duration-ms="6055" status="PASS">
          <reporter-output>
          </reporter-output>
        </test-method> <!-- browseropen -->
        <test-method signature="searchbar()[pri:0, instance:Module1_searchbar.SearchBarTest@7205765b]" started-at="2023-02-07T01:02:26 IST" name="searchbar" finished-at="2023-02-07T01:02:27 IST" duration-ms="736" status="PASS">
          <reporter-output>
          </reporter-output>
        </test-method> <!-- searchbar -->
        <test-method is-config="true" signature="Screenshot(org.testng.ITestResult)[pri:0, instance:Module1_searchbar.SearchBarTest@7205765b]" started-at="2023-02-07T01:02:27 IST" name="Screenshot" finished-at="2023-02-07T01:02:27 IST" duration-ms="2" status="PASS">
          <params>
            <param index="0">
              <value>
                <![CDATA[[TestResult name=searchbar status=SUCCESS method=SearchBarTest.searchbar()[pri:0, instance:Module1_searchbar.SearchBarTest@7205765b] output={null}]]]>
              </value>
            </param>
          </params>
          <reporter-output>
          </reporter-output>
        </test-method> <!-- Screenshot -->
        <test-method is-config="true" signature="browserclose()[pri:0, instance:Module1_searchbar.SearchBarTest@7205765b]" started-at="2023-02-07T01:02:27 IST" name="browserclose" finished-at="2023-02-07T01:02:45 IST" duration-ms="18159" status="PASS">
          <reporter-output>
          </reporter-output>
        </test-method> <!-- browserclose -->
      </class> <!-- Module1_searchbar.SearchBarTest -->
    </test> <!-- Test -->
  </suite> <!-- Suite -->
</testng-results>
